<?xml version="1.0" encoding="UTF-8"?>
<!-- Generated by org.testng.reporters.JUnitReportReporter -->
<testsuite name="TestFramework.SessionID" tests="1" failures="0" timestamp="30 May 2017 06:36:53 GMT" time="1.915" errors="0">
  <testcase name="RequestAdd" time="1.915" classname="TestFramework.SessionID"/>
</testsuite> <!-- TestFramework.SessionID -->
