<?xml version="1.0" encoding="UTF-8"?>
<!-- Generated by org.testng.reporters.JUnitReportReporter -->
<testsuite name="TestFramework.createIssue" tests="1" failures="0" timestamp="30 May 2017 16:18:54 GMT" time="6.023" errors="0">
  <testcase name="createBug" time="6.023" classname="TestFramework.createIssue"/>
</testsuite> <!-- TestFramework.createIssue -->
