<?xml version="1.0" encoding="UTF-8"?>
<!-- Generated by org.testng.reporters.JUnitReportReporter -->
<testsuite name="TestFramework.sessionID" tests="1" failures="0" timestamp="29 May 2017 21:47:23 GMT" time="1.062" errors="0">
  <testcase name="SessionName" time="1.062" classname="TestFramework.sessionID"/>
</testsuite> <!-- TestFramework.sessionID -->
